<?xml version="1.0" encoding="UTF-8"?>
<testsuite xmlns:xsi="http://www.w3.org/2001/XMLSchema-instance" xsi:noNamespaceSchemaLocation="https://maven.apache.org/surefire/maven-surefire-plugin/xsd/surefire-test-report.xsd" name="org.elevenst.SampleRT.Reg_PCTest" time="6.365" tests="1" errors="0" skipped="0" failures="0">
  <properties>
    <property name="gopherProxySet" value="false"/>
    <property name="awt.toolkit" value="sun.lwawt.macosx.LWCToolkit"/>
    <property name="file.encoding.pkg" value="sun.io"/>
    <property name="java.specification.version" value="1.8"/>
    <property name="sun.cpu.isalist" value=""/>
    <property name="sun.jnu.encoding" value="UTF-8"/>
    <property name="java.class.path" value="/Users/a1100334/git/SampleRT/target/test-classes:/Users/a1100334/git/SampleRT/target/classes:/Users/a1100334/.m2/repository/org/seleniumhq/selenium/selenium-firefox-driver/3.141.59/selenium-firefox-driver-3.141.59.jar:/Users/a1100334/.m2/repository/net/bytebuddy/byte-buddy/1.8.15/byte-buddy-1.8.15.jar:/Users/a1100334/.m2/repository/org/apache/commons/commons-exec/1.3/commons-exec-1.3.jar:/Users/a1100334/.m2/repository/com/google/guava/guava/25.0-jre/guava-25.0-jre.jar:/Users/a1100334/.m2/repository/com/google/code/findbugs/jsr305/1.3.9/jsr305-1.3.9.jar:/Users/a1100334/.m2/repository/org/checkerframework/checker-compat-qual/2.0.0/checker-compat-qual-2.0.0.jar:/Users/a1100334/.m2/repository/com/google/errorprone/error_prone_annotations/2.1.3/error_prone_annotations-2.1.3.jar:/Users/a1100334/.m2/repository/com/google/j2objc/j2objc-annotations/1.1/j2objc-annotations-1.1.jar:/Users/a1100334/.m2/repository/org/codehaus/mojo/animal-sniffer-annotations/1.14/animal-sniffer-annotations-1.14.jar:/Users/a1100334/.m2/repository/com/squareup/okhttp3/okhttp/3.11.0/okhttp-3.11.0.jar:/Users/a1100334/.m2/repository/com/squareup/okio/okio/1.14.0/okio-1.14.0.jar:/Users/a1100334/.m2/repository/org/seleniumhq/selenium/selenium-server/3.141.59/selenium-server-3.141.59.jar:/Users/a1100334/.m2/repository/org/seleniumhq/selenium/selenium-chrome-driver/3.141.59/selenium-chrome-driver-3.141.59.jar:/Users/a1100334/.m2/repository/org/seleniumhq/selenium/selenium-edge-driver/3.141.59/selenium-edge-driver-3.141.59.jar:/Users/a1100334/.m2/repository/org/seleniumhq/selenium/selenium-ie-driver/3.141.59/selenium-ie-driver-3.141.59.jar:/Users/a1100334/.m2/repository/org/seleniumhq/selenium/selenium-opera-driver/3.141.59/selenium-opera-driver-3.141.59.jar:/Users/a1100334/.m2/repository/org/seleniumhq/selenium/selenium-safari-driver/3.141.59/selenium-safari-driver-3.141.59.jar:/Users/a1100334/.m2/repository/org/seleniumhq/selenium/selenium-support/3.141.59/selenium-support-3.141.59.jar:/Users/a1100334/.m2/repository/com/beust/jcommander/1.72/jcommander-1.72.jar:/Users/a1100334/.m2/repository/net/jcip/jcip-annotations/1.0/jcip-annotations-1.0.jar:/Users/a1100334/.m2/repository/org/seleniumhq/selenium/jetty-repacked/9.4.12.v20180830/jetty-repacked-9.4.12.v20180830.jar:/Users/a1100334/.m2/repository/javax/servlet/javax.servlet-api/3.1.0/javax.servlet-api-3.1.0.jar:/Users/a1100334/.m2/repository/org/yaml/snakeyaml/1.19/snakeyaml-1.19.jar:/Users/a1100334/.m2/repository/org/seleniumhq/selenium/selenium-remote-control/2.0rc2/selenium-remote-control-2.0rc2.jar:/Users/a1100334/.m2/repository/org/seleniumhq/selenium/selenium-htmlunit-driver/2.0rc2/selenium-htmlunit-driver-2.0rc2.jar:/Users/a1100334/.m2/repository/net/sourceforge/htmlunit/htmlunit/2.8/htmlunit-2.8.jar:/Users/a1100334/.m2/repository/xalan/xalan/2.7.1/xalan-2.7.1.jar:/Users/a1100334/.m2/repository/xalan/serializer/2.7.1/serializer-2.7.1.jar:/Users/a1100334/.m2/repository/commons-collections/commons-collections/3.2.1/commons-collections-3.2.1.jar:/Users/a1100334/.m2/repository/commons-lang/commons-lang/2.4/commons-lang-2.4.jar:/Users/a1100334/.m2/repository/org/apache/httpcomponents/httpclient/4.0.1/httpclient-4.0.1.jar:/Users/a1100334/.m2/repository/org/apache/httpcomponents/httpcore/4.0.1/httpcore-4.0.1.jar:/Users/a1100334/.m2/repository/org/apache/httpcomponents/httpmime/4.0.1/httpmime-4.0.1.jar:/Users/a1100334/.m2/repository/org/apache/james/apache-mime4j/0.6/apache-mime4j-0.6.jar:/Users/a1100334/.m2/repository/commons-codec/commons-codec/1.4/commons-codec-1.4.jar:/Users/a1100334/.m2/repository/net/sourceforge/htmlunit/htmlunit-core-js/2.8/htmlunit-core-js-2.8.jar:/Users/a1100334/.m2/repository/xerces/xercesImpl/2.9.1/xercesImpl-2.9.1.jar:/Users/a1100334/.m2/repository/xml-apis/xml-apis/1.3.04/xml-apis-1.3.04.jar:/Users/a1100334/.m2/repository/net/sourceforge/nekohtml/nekohtml/1.9.14/nekohtml-1.9.14.jar:/Users/a1100334/.m2/repository/net/sourceforge/cssparser/cssparser/0.9.5/cssparser-0.9.5.jar:/Users/a1100334/.m2/repository/org/w3c/css/sac/1.3/sac-1.3.jar:/Users/a1100334/.m2/repository/commons-io/commons-io/1.4/commons-io-1.4.jar:/Users/a1100334/.m2/repository/commons-logging/commons-logging/1.1.1/commons-logging-1.1.1.jar:/Users/a1100334/.m2/repository/org/seleniumhq/selenium/selenium-iphone-driver/2.0rc2/selenium-iphone-driver-2.0rc2.jar:/Users/a1100334/.m2/repository/org/seleniumhq/selenium/selenium-java/3.141.59/selenium-java-3.141.59.jar:/Users/a1100334/.m2/repository/junit/junit/4.12/junit-4.12.jar:/Users/a1100334/.m2/repository/org/hamcrest/hamcrest-core/1.3/hamcrest-core-1.3.jar:/Users/a1100334/.m2/repository/org/seleniumhq/selenium/selenium-api/3.141.59/selenium-api-3.141.59.jar:/Users/a1100334/.m2/repository/org/seleniumhq/selenium/selenium-remote-driver/3.141.59/selenium-remote-driver-3.141.59.jar:"/>
    <property name="java.vm.vendor" value="Oracle Corporation"/>
    <property name="sun.arch.data.model" value="64"/>
    <property name="java.vendor.url" value="http://java.oracle.com/"/>
    <property name="user.timezone" value=""/>
    <property name="java.vm.specification.version" value="1.8"/>
    <property name="os.name" value="Mac OS X"/>
    <property name="user.country" value="KR"/>
    <property name="sun.java.launcher" value="SUN_STANDARD"/>
    <property name="sun.boot.library.path" value="/Library/Java/JavaVirtualMachines/jdk1.8.0_201.jdk/Contents/Home/jre/lib"/>
    <property name="sun.java.command" value="/Users/a1100334/git/SampleRT/target/surefire/surefirebooter5038683670952940633.jar /Users/a1100334/git/SampleRT/target/surefire 2019-11-25T17-57-37_947-jvmRun1 surefire8156115298825610828tmp surefire_08516375064552623753tmp"/>
    <property name="http.nonProxyHosts" value="local|*.local|169.254/16|*.169.254/16"/>
    <property name="test" value="org.elevenst.SampleRT.Reg_PCTest"/>
    <property name="surefire.test.class.path" value="/Users/a1100334/git/SampleRT/target/test-classes:/Users/a1100334/git/SampleRT/target/classes:/Users/a1100334/.m2/repository/org/seleniumhq/selenium/selenium-firefox-driver/3.141.59/selenium-firefox-driver-3.141.59.jar:/Users/a1100334/.m2/repository/net/bytebuddy/byte-buddy/1.8.15/byte-buddy-1.8.15.jar:/Users/a1100334/.m2/repository/org/apache/commons/commons-exec/1.3/commons-exec-1.3.jar:/Users/a1100334/.m2/repository/com/google/guava/guava/25.0-jre/guava-25.0-jre.jar:/Users/a1100334/.m2/repository/com/google/code/findbugs/jsr305/1.3.9/jsr305-1.3.9.jar:/Users/a1100334/.m2/repository/org/checkerframework/checker-compat-qual/2.0.0/checker-compat-qual-2.0.0.jar:/Users/a1100334/.m2/repository/com/google/errorprone/error_prone_annotations/2.1.3/error_prone_annotations-2.1.3.jar:/Users/a1100334/.m2/repository/com/google/j2objc/j2objc-annotations/1.1/j2objc-annotations-1.1.jar:/Users/a1100334/.m2/repository/org/codehaus/mojo/animal-sniffer-annotations/1.14/animal-sniffer-annotations-1.14.jar:/Users/a1100334/.m2/repository/com/squareup/okhttp3/okhttp/3.11.0/okhttp-3.11.0.jar:/Users/a1100334/.m2/repository/com/squareup/okio/okio/1.14.0/okio-1.14.0.jar:/Users/a1100334/.m2/repository/org/seleniumhq/selenium/selenium-server/3.141.59/selenium-server-3.141.59.jar:/Users/a1100334/.m2/repository/org/seleniumhq/selenium/selenium-chrome-driver/3.141.59/selenium-chrome-driver-3.141.59.jar:/Users/a1100334/.m2/repository/org/seleniumhq/selenium/selenium-edge-driver/3.141.59/selenium-edge-driver-3.141.59.jar:/Users/a1100334/.m2/repository/org/seleniumhq/selenium/selenium-ie-driver/3.141.59/selenium-ie-driver-3.141.59.jar:/Users/a1100334/.m2/repository/org/seleniumhq/selenium/selenium-opera-driver/3.141.59/selenium-opera-driver-3.141.59.jar:/Users/a1100334/.m2/repository/org/seleniumhq/selenium/selenium-safari-driver/3.141.59/selenium-safari-driver-3.141.59.jar:/Users/a1100334/.m2/repository/org/seleniumhq/selenium/selenium-support/3.141.59/selenium-support-3.141.59.jar:/Users/a1100334/.m2/repository/com/beust/jcommander/1.72/jcommander-1.72.jar:/Users/a1100334/.m2/repository/net/jcip/jcip-annotations/1.0/jcip-annotations-1.0.jar:/Users/a1100334/.m2/repository/org/seleniumhq/selenium/jetty-repacked/9.4.12.v20180830/jetty-repacked-9.4.12.v20180830.jar:/Users/a1100334/.m2/repository/javax/servlet/javax.servlet-api/3.1.0/javax.servlet-api-3.1.0.jar:/Users/a1100334/.m2/repository/org/yaml/snakeyaml/1.19/snakeyaml-1.19.jar:/Users/a1100334/.m2/repository/org/seleniumhq/selenium/selenium-remote-control/2.0rc2/selenium-remote-control-2.0rc2.jar:/Users/a1100334/.m2/repository/org/seleniumhq/selenium/selenium-htmlunit-driver/2.0rc2/selenium-htmlunit-driver-2.0rc2.jar:/Users/a1100334/.m2/repository/net/sourceforge/htmlunit/htmlunit/2.8/htmlunit-2.8.jar:/Users/a1100334/.m2/repository/xalan/xalan/2.7.1/xalan-2.7.1.jar:/Users/a1100334/.m2/repository/xalan/serializer/2.7.1/serializer-2.7.1.jar:/Users/a1100334/.m2/repository/commons-collections/commons-collections/3.2.1/commons-collections-3.2.1.jar:/Users/a1100334/.m2/repository/commons-lang/commons-lang/2.4/commons-lang-2.4.jar:/Users/a1100334/.m2/repository/org/apache/httpcomponents/httpclient/4.0.1/httpclient-4.0.1.jar:/Users/a1100334/.m2/repository/org/apache/httpcomponents/httpcore/4.0.1/httpcore-4.0.1.jar:/Users/a1100334/.m2/repository/org/apache/httpcomponents/httpmime/4.0.1/httpmime-4.0.1.jar:/Users/a1100334/.m2/repository/org/apache/james/apache-mime4j/0.6/apache-mime4j-0.6.jar:/Users/a1100334/.m2/repository/commons-codec/commons-codec/1.4/commons-codec-1.4.jar:/Users/a1100334/.m2/repository/net/sourceforge/htmlunit/htmlunit-core-js/2.8/htmlunit-core-js-2.8.jar:/Users/a1100334/.m2/repository/xerces/xercesImpl/2.9.1/xercesImpl-2.9.1.jar:/Users/a1100334/.m2/repository/xml-apis/xml-apis/1.3.04/xml-apis-1.3.04.jar:/Users/a1100334/.m2/repository/net/sourceforge/nekohtml/nekohtml/1.9.14/nekohtml-1.9.14.jar:/Users/a1100334/.m2/repository/net/sourceforge/cssparser/cssparser/0.9.5/cssparser-0.9.5.jar:/Users/a1100334/.m2/repository/org/w3c/css/sac/1.3/sac-1.3.jar:/Users/a1100334/.m2/repository/commons-io/commons-io/1.4/commons-io-1.4.jar:/Users/a1100334/.m2/repository/commons-logging/commons-logging/1.1.1/commons-logging-1.1.1.jar:/Users/a1100334/.m2/repository/org/seleniumhq/selenium/selenium-iphone-driver/2.0rc2/selenium-iphone-driver-2.0rc2.jar:/Users/a1100334/.m2/repository/org/seleniumhq/selenium/selenium-java/3.141.59/selenium-java-3.141.59.jar:/Users/a1100334/.m2/repository/junit/junit/4.12/junit-4.12.jar:/Users/a1100334/.m2/repository/org/hamcrest/hamcrest-core/1.3/hamcrest-core-1.3.jar:/Users/a1100334/.m2/repository/org/seleniumhq/selenium/selenium-api/3.141.59/selenium-api-3.141.59.jar:/Users/a1100334/.m2/repository/org/seleniumhq/selenium/selenium-remote-driver/3.141.59/selenium-remote-driver-3.141.59.jar:"/>
    <property name="sun.cpu.endian" value="little"/>
    <property name="user.home" value="/Users/a1100334"/>
    <property name="user.language" value="ko"/>
    <property name="java.specification.vendor" value="Oracle Corporation"/>
    <property name="java.home" value="/Library/Java/JavaVirtualMachines/jdk1.8.0_201.jdk/Contents/Home/jre"/>
    <property name="basedir" value="/Users/a1100334/git/SampleRT"/>
    <property name="file.separator" value="/"/>
    <property name="line.separator" value="&#10;"/>
    <property name="java.vm.specification.vendor" value="Oracle Corporation"/>
    <property name="java.specification.name" value="Java Platform API Specification"/>
    <property name="java.awt.graphicsenv" value="sun.awt.CGraphicsEnvironment"/>
    <property name="surefire.real.class.path" value="/Users/a1100334/git/SampleRT/target/surefire/surefirebooter5038683670952940633.jar"/>
    <property name="sun.boot.class.path" value="/Library/Java/JavaVirtualMachines/jdk1.8.0_201.jdk/Contents/Home/jre/lib/resources.jar:/Library/Java/JavaVirtualMachines/jdk1.8.0_201.jdk/Contents/Home/jre/lib/rt.jar:/Library/Java/JavaVirtualMachines/jdk1.8.0_201.jdk/Contents/Home/jre/lib/sunrsasign.jar:/Library/Java/JavaVirtualMachines/jdk1.8.0_201.jdk/Contents/Home/jre/lib/jsse.jar:/Library/Java/JavaVirtualMachines/jdk1.8.0_201.jdk/Contents/Home/jre/lib/jce.jar:/Library/Java/JavaVirtualMachines/jdk1.8.0_201.jdk/Contents/Home/jre/lib/charsets.jar:/Library/Java/JavaVirtualMachines/jdk1.8.0_201.jdk/Contents/Home/jre/lib/jfr.jar:/Library/Java/JavaVirtualMachines/jdk1.8.0_201.jdk/Contents/Home/jre/classes"/>
    <property name="sun.management.compiler" value="HotSpot 64-Bit Tiered Compilers"/>
    <property name="ftp.nonProxyHosts" value="local|*.local|169.254/16|*.169.254/16"/>
    <property name="java.runtime.version" value="1.8.0_201-b09"/>
    <property name="user.name" value="a1100334"/>
    <property name="path.separator" value=":"/>
    <property name="os.version" value="10.14.6"/>
    <property name="java.endorsed.dirs" value="/Library/Java/JavaVirtualMachines/jdk1.8.0_201.jdk/Contents/Home/jre/lib/endorsed"/>
    <property name="java.runtime.name" value="Java(TM) SE Runtime Environment"/>
    <property name="file.encoding" value="UTF-8"/>
    <property name="java.vm.name" value="Java HotSpot(TM) 64-Bit Server VM"/>
    <property name="localRepository" value="/Users/a1100334/.m2/repository"/>
    <property name="java.vendor.url.bug" value="http://bugreport.sun.com/bugreport/"/>
    <property name="java.io.tmpdir" value="/var/folders/39/jk4ttbd134vbtjrbhqx1110m0000gn/T/"/>
    <property name="java.version" value="1.8.0_201"/>
    <property name="user.dir" value="/Users/a1100334/git/SampleRT"/>
    <property name="os.arch" value="x86_64"/>
    <property name="java.vm.specification.name" value="Java Virtual Machine Specification"/>
    <property name="java.awt.printerjob" value="sun.lwawt.macosx.CPrinterJob"/>
    <property name="user.language.format" value="ko-Kore"/>
    <property name="sun.os.patch.level" value="unknown"/>
    <property name="java.library.path" value="/Users/a1100334/Library/Java/Extensions:/Library/Java/Extensions:/Network/Library/Java/Extensions:/System/Library/Java/Extensions:/usr/lib/java:."/>
    <property name="java.vm.info" value="mixed mode"/>
    <property name="java.vendor" value="Oracle Corporation"/>
    <property name="java.vm.version" value="25.201-b09"/>
    <property name="java.ext.dirs" value="/Users/a1100334/Library/Java/Extensions:/Library/Java/JavaVirtualMachines/jdk1.8.0_201.jdk/Contents/Home/jre/lib/ext:/Library/Java/Extensions:/Network/Library/Java/Extensions:/System/Library/Java/Extensions:/usr/lib/java"/>
    <property name="sun.io.unicode.encoding" value="UnicodeBig"/>
    <property name="java.class.version" value="52.0"/>
    <property name="socksNonProxyHosts" value="local|*.local|169.254/16|*.169.254/16"/>
  </properties>
  <testcase name="PC_GnbTest" classname="org.elevenst.SampleRT.Reg_PCTest" time="6.33"/>
</testsuite>